Determining if the pthread_create exist failed with the following output:
Change Dir: /home/erdos/gits/FYS3150/Project2/cpp/CMakeFiles/CMakeTmp

Run Build Command:"/usr/bin/make" "cmTC_0754d/fast"
/usr/bin/make -f CMakeFiles/cmTC_0754d.dir/build.make CMakeFiles/cmTC_0754d.dir/build
make[1]: Entering directory '/home/erdos/gits/FYS3150/Project2/cpp/CMakeFiles/CMakeTmp'
Building C object CMakeFiles/cmTC_0754d.dir/CheckSymbolExists.c.o
/usr/bin/cc    -o CMakeFiles/cmTC_0754d.dir/CheckSymbolExists.c.o   -c /home/erdos/gits/FYS3150/Project2/cpp/CMakeFiles/CMakeTmp/CheckSymbolExists.c
Linking C executable cmTC_0754d
/usr/bin/cmake -E cmake_link_script CMakeFiles/cmTC_0754d.dir/link.txt --verbose=1
/usr/bin/cc      -rdynamic CMakeFiles/cmTC_0754d.dir/CheckSymbolExists.c.o  -o cmTC_0754d 
CMakeFiles/cmTC_0754d.dir/CheckSymbolExists.c.o: In function `main':
CheckSymbolExists.c:(.text+0x1b): undefined reference to `pthread_create'
collect2: error: ld returned 1 exit status
make[1]: *** [CMakeFiles/cmTC_0754d.dir/build.make:98: cmTC_0754d] Error 1
make[1]: Leaving directory '/home/erdos/gits/FYS3150/Project2/cpp/CMakeFiles/CMakeTmp'
make: *** [Makefile:126: cmTC_0754d/fast] Error 2

File /home/erdos/gits/FYS3150/Project2/cpp/CMakeFiles/CMakeTmp/CheckSymbolExists.c:
/* */
#include <pthread.h>

int main(int argc, char** argv)
{
  (void)argv;
#ifndef pthread_create
  return ((int*)(&pthread_create))[argc];
#else
  (void)argc;
  return 0;
#endif
}

